TypeError: path must be absolute or specify root to res.sendFile
    at ServerResponse.sendFile (C:\Users\Dev G2i\Desktop\Higor\JWTimer\node_modules\express\lib\response.js:442:11)
    at C:\Users\Dev G2i\Desktop\Higor\JWTimer\index.js:58:9
    at Layer.handle [as handle_request] (C:\Users\Dev G2i\Desktop\Higor\JWTimer\node_modules\express\lib\router\layer.js:95:5)
    at next (C:\Users\Dev G2i\Desktop\Higor\JWTimer\node_modules\express\lib\router\route.js:149:13)
    at Route.dispatch (C:\Users\Dev G2i\Desktop\Higor\JWTimer\node_modules\express\lib\router\route.js:119:3)
    at Layer.handle [as handle_request] (C:\Users\Dev G2i\Desktop\Higor\JWTimer\node_modules\express\lib\router\layer.js:95:5)
    at C:\Users\Dev G2i\Desktop\Higor\JWTimer\node_modules\express\lib\router\index.js:284:15
    at Function.process_params (C:\Users\Dev G2i\Desktop\Higor\JWTimer\node_modules\express\lib\router\index.js:346:12)
    at next (C:\Users\Dev G2i\Desktop\Higor\JWTimer\node_modules\express\lib\router\index.js:280:10)
    at SendStream.error (C:\Users\Dev G2i\Desktop\Higor\JWTimer\node_modules\serve-static\index.js:121:7)
TypeError: path must be absolute or specify root to res.sendFile
    at ServerResponse.sendFile (C:\Users\Dev G2i\Desktop\Higor\JWTimer\node_modules\express\lib\response.js:442:11)
    at C:\Users\Dev G2i\Desktop\Higor\JWTimer\index.js:58:9
    at Layer.handle [as handle_request] (C:\Users\Dev G2i\Desktop\Higor\JWTimer\node_modules\express\lib\router\layer.js:95:5)
    at next (C:\Users\Dev G2i\Desktop\Higor\JWTimer\node_modules\express\lib\router\route.js:149:13)
    at Route.dispatch (C:\Users\Dev G2i\Desktop\Higor\JWTimer\node_modules\express\lib\router\route.js:119:3)
    at Layer.handle [as handle_request] (C:\Users\Dev G2i\Desktop\Higor\JWTimer\node_modules\express\lib\router\layer.js:95:5)
    at C:\Users\Dev G2i\Desktop\Higor\JWTimer\node_modules\express\lib\router\index.js:284:15
    at Function.process_params (C:\Users\Dev G2i\Desktop\Higor\JWTimer\node_modules\express\lib\router\index.js:346:12)
    at next (C:\Users\Dev G2i\Desktop\Higor\JWTimer\node_modules\express\lib\router\index.js:280:10)
    at SendStream.error (C:\Users\Dev G2i\Desktop\Higor\JWTimer\node_modules\serve-static\index.js:121:7)
C:\Users\Dev G2i\Desktop\Higor\JWTimer\index.js:62
    socket.emit('updateCountdown', { minutes: countdownMinutes, seconds: countdownSeconds });
    ^

ReferenceError: socket is not defined
    at updateCountdown (C:\Users\Dev G2i\Desktop\Higor\JWTimer\index.js:62:5)
    at Namespace.<anonymous> (C:\Users\Dev G2i\Desktop\Higor\JWTimer\index.js:53:5)
    at Namespace.emit (node:events:518:28)
    at Namespace.emitReserved (C:\Users\Dev G2i\Desktop\Higor\JWTimer\node_modules\socket.io\dist\typed-events.js:56:22)
    at Namespace._doConnect (C:\Users\Dev G2i\Desktop\Higor\JWTimer\node_modules\socket.io\dist\namespace.js:269:14)
    at C:\Users\Dev G2i\Desktop\Higor\JWTimer\node_modules\socket.io\dist\namespace.js:231:22
    at process.processTicksAndRejections (node:internal/process/task_queues:77:11)

Node.js v20.11.0
C:\Users\Dev G2i\Desktop\Higor\JWTimer\index.js:62
    socket.emit('updateCountdown', { minutes: countdownMinutes, seconds: countdownSeconds });
    ^

ReferenceError: socket is not defined
    at updateCountdown (C:\Users\Dev G2i\Desktop\Higor\JWTimer\index.js:62:5)
    at Namespace.<anonymous> (C:\Users\Dev G2i\Desktop\Higor\JWTimer\index.js:53:5)
    at Namespace.emit (node:events:518:28)
    at Namespace.emitReserved (C:\Users\Dev G2i\Desktop\Higor\JWTimer\node_modules\socket.io\dist\typed-events.js:56:22)
    at Namespace._doConnect (C:\Users\Dev G2i\Desktop\Higor\JWTimer\node_modules\socket.io\dist\namespace.js:269:14)
    at C:\Users\Dev G2i\Desktop\Higor\JWTimer\node_modules\socket.io\dist\namespace.js:231:22
    at process.processTicksAndRejections (node:internal/process/task_queues:77:11)

Node.js v20.11.0
C:\Users\Dev G2i\Desktop\Higor\JWTimer\index.js:62
    socket.emit('updateCountdown', { minutes: countdownMinutes, seconds: countdownSeconds });
    ^

ReferenceError: socket is not defined
    at updateCountdown (C:\Users\Dev G2i\Desktop\Higor\JWTimer\index.js:62:5)
    at Namespace.<anonymous> (C:\Users\Dev G2i\Desktop\Higor\JWTimer\index.js:53:5)
    at Namespace.emit (node:events:518:28)
    at Namespace.emitReserved (C:\Users\Dev G2i\Desktop\Higor\JWTimer\node_modules\socket.io\dist\typed-events.js:56:22)
    at Namespace._doConnect (C:\Users\Dev G2i\Desktop\Higor\JWTimer\node_modules\socket.io\dist\namespace.js:269:14)
    at C:\Users\Dev G2i\Desktop\Higor\JWTimer\node_modules\socket.io\dist\namespace.js:231:22
    at process.processTicksAndRejections (node:internal/process/task_queues:77:11)

Node.js v20.11.0
C:\Users\Dev G2i\Desktop\Higor\JWTimer\index.js:62
    socket.emit('updateCountdown', { minutes: countdownMinutes, seconds: countdownSeconds });
    ^

ReferenceError: socket is not defined
    at updateCountdown (C:\Users\Dev G2i\Desktop\Higor\JWTimer\index.js:62:5)
    at Namespace.<anonymous> (C:\Users\Dev G2i\Desktop\Higor\JWTimer\index.js:53:5)
    at Namespace.emit (node:events:518:28)
    at Namespace.emitReserved (C:\Users\Dev G2i\Desktop\Higor\JWTimer\node_modules\socket.io\dist\typed-events.js:56:22)
    at Namespace._doConnect (C:\Users\Dev G2i\Desktop\Higor\JWTimer\node_modules\socket.io\dist\namespace.js:269:14)
    at C:\Users\Dev G2i\Desktop\Higor\JWTimer\node_modules\socket.io\dist\namespace.js:231:22
    at process.processTicksAndRejections (node:internal/process/task_queues:77:11)

Node.js v20.11.0
C:\Users\Dev G2i\Desktop\Higor\JWTimer\index.js:62
    socket.emit('updateCountdown', { minutes: countdownMinutes, seconds: countdownSeconds });
    ^

ReferenceError: socket is not defined
    at updateCountdown (C:\Users\Dev G2i\Desktop\Higor\JWTimer\index.js:62:5)
    at Namespace.<anonymous> (C:\Users\Dev G2i\Desktop\Higor\JWTimer\index.js:53:5)
    at Namespace.emit (node:events:518:28)
    at Namespace.emitReserved (C:\Users\Dev G2i\Desktop\Higor\JWTimer\node_modules\socket.io\dist\typed-events.js:56:22)
    at Namespace._doConnect (C:\Users\Dev G2i\Desktop\Higor\JWTimer\node_modules\socket.io\dist\namespace.js:269:14)
    at C:\Users\Dev G2i\Desktop\Higor\JWTimer\node_modules\socket.io\dist\namespace.js:231:22
    at process.processTicksAndRejections (node:internal/process/task_queues:77:11)

Node.js v20.11.0
C:\Users\Dev G2i\Desktop\Higor\JWTimer\index.js:62
    socket.emit('updateCountdown', { minutes: countdownMinutes, seconds: countdownSeconds });
    ^

ReferenceError: socket is not defined
    at updateCountdown (C:\Users\Dev G2i\Desktop\Higor\JWTimer\index.js:62:5)
    at Namespace.<anonymous> (C:\Users\Dev G2i\Desktop\Higor\JWTimer\index.js:53:5)
    at Namespace.emit (node:events:518:28)
    at Namespace.emitReserved (C:\Users\Dev G2i\Desktop\Higor\JWTimer\node_modules\socket.io\dist\typed-events.js:56:22)
    at Namespace._doConnect (C:\Users\Dev G2i\Desktop\Higor\JWTimer\node_modules\socket.io\dist\namespace.js:269:14)
    at C:\Users\Dev G2i\Desktop\Higor\JWTimer\node_modules\socket.io\dist\namespace.js:231:22
    at process.processTicksAndRejections (node:internal/process/task_queues:77:11)

Node.js v20.11.0
